Using pre-set license
Built from '2022.3/staging' branch; Version is '2022.3.7f1 (b16b3b16c7a0) revision 11627323'; Using compiler version '192829333'; Build Type 'Release'
OS: 'Windows 11  (10.0.22631) 64bit Core' Language: 'en' Physical Memory: 32456 MB
BatchMode: 1, IsHumanControllingUs: 0, StartBugReporterOnCrash: 0, Is64bit: 1, IsPro: 1

COMMAND LINE ARGUMENTS:
C:\Program Files\Unity\Hub\Editor\2022.3.7f1\Editor\Unity.exe
-adb2
-batchMode
-noUpm
-name
AssetImportWorker2
-projectPath
C:/Users/rpgal/My project (2)
-logFile
Logs/AssetImportWorker2.log
-srvPort
54523
Successfully changed project path to: C:/Users/rpgal/My project (2)
C:/Users/rpgal/My project (2)
[UnityMemory] Configuration Parameters - Can be set up in boot.config
    "memorysetup-bucket-allocator-granularity=16"
    "memorysetup-bucket-allocator-bucket-count=8"
    "memorysetup-bucket-allocator-block-size=33554432"
    "memorysetup-bucket-allocator-block-count=8"
    "memorysetup-main-allocator-block-size=16777216"
    "memorysetup-thread-allocator-block-size=16777216"
    "memorysetup-gfx-main-allocator-block-size=16777216"
    "memorysetup-gfx-thread-allocator-block-size=16777216"
    "memorysetup-cache-allocator-block-size=4194304"
    "memorysetup-typetree-allocator-block-size=2097152"
    "memorysetup-profiler-bucket-allocator-granularity=16"
    "memorysetup-profiler-bucket-allocator-bucket-count=8"
    "memorysetup-profiler-bucket-allocator-block-size=33554432"
    "memorysetup-profiler-bucket-allocator-block-count=8"
    "memorysetup-profiler-allocator-block-size=16777216"
    "memorysetup-profiler-editor-allocator-block-size=1048576"
    "memorysetup-temp-allocator-size-main=16777216"
    "memorysetup-job-temp-allocator-block-size=2097152"
    "memorysetup-job-temp-allocator-block-size-background=1048576"
    "memorysetup-job-temp-allocator-reduction-small-platforms=262144"
    "memorysetup-allocator-temp-initial-block-size-main=262144"
    "memorysetup-allocator-temp-initial-block-size-worker=262144"
    "memorysetup-temp-allocator-size-background-worker=32768"
    "memorysetup-temp-allocator-size-job-worker=262144"
    "memorysetup-temp-allocator-size-preload-manager=33554432"
    "memorysetup-temp-allocator-size-nav-mesh-worker=65536"
    "memorysetup-temp-allocator-size-audio-worker=65536"
    "memorysetup-temp-allocator-size-cloud-worker=32768"
    "memorysetup-temp-allocator-size-gi-baking-worker=262144"
    "memorysetup-temp-allocator-size-gfx=262144"
Player connection [35948] Host "[IP] 192.168.1.6 [Port] 0 [Flags] 2 [Guid] 3873028093 [EditorId] 3873028093 [Version] 1048832 [Id] WindowsEditor(7,Dellilah) [Debug] 1 [PackageName] WindowsEditor [ProjectName] Editor" joined multi-casting on [225.0.0.222:54997]...

Player connection [35948] Host "[IP] 192.168.1.6 [Port] 0 [Flags] 2 [Guid] 3873028093 [EditorId] 3873028093 [Version] 1048832 [Id] WindowsEditor(7,Dellilah) [Debug] 1 [PackageName] WindowsEditor [ProjectName] Editor" joined alternative multi-casting on [225.0.0.222:34997]...

Refreshing native plugins compatible for Editor in 43.13 ms, found 3 plugins.
Preloading 0 native plugins for Editor in 0.00 ms.
Initialize engine version: 2022.3.7f1 (b16b3b16c7a0)
[Subsystems] Discovering subsystems at path C:/Program Files/Unity/Hub/Editor/2022.3.7f1/Editor/Data/Resources/UnitySubsystems
[Subsystems] Discovering subsystems at path C:/Users/rpgal/My project (2)/Assets
GfxDevice: creating device client; threaded=0; jobified=0
Direct3D:
    Version:  Direct3D 11.0 [level 11.1]
    Renderer: NVIDIA GeForce MX550 (ID=0x1f9f)
    Vendor:   NVIDIA
    VRAM:     1920 MB
    Driver:   31.0.15.4609
Initialize mono
Mono path[0] = 'C:/Program Files/Unity/Hub/Editor/2022.3.7f1/Editor/Data/Managed'
Mono path[1] = 'C:/Program Files/Unity/Hub/Editor/2022.3.7f1/Editor/Data/MonoBleedingEdge/lib/mono/unityjit-win32'
Mono config path = 'C:/Program Files/Unity/Hub/Editor/2022.3.7f1/Editor/Data/MonoBleedingEdge/etc'
Using monoOptions --debugger-agent=transport=dt_socket,embedding=1,server=y,suspend=n,address=127.0.0.1:56184
Begin MonoManager ReloadAssembly
Registering precompiled unity dll's ...
Register platform support module: C:/Program Files/Unity/Hub/Editor/2022.3.7f1/Editor/Data/PlaybackEngines/WebGLSupport/UnityEditor.WebGL.Extensions.dll
Register platform support module: C:/Program Files/Unity/Hub/Editor/2022.3.7f1/Editor/Data/PlaybackEngines/WindowsStandaloneSupport/UnityEditor.WindowsStandalone.Extensions.dll
Registered in 0.039290 seconds.
- Loaded All Assemblies, in  1.005 seconds
Native extension for WindowsStandalone target not found
Native extension for WebGL target not found
Mono: successfully reloaded assembly
- Finished resetting the current domain, in  0.776 seconds
Domain Reload Profiling: 1779ms
	BeginReloadAssembly (409ms)
		ExecutionOrderSort (0ms)
		DisableScriptedObjects (0ms)
		BackupInstance (0ms)
		ReleaseScriptingObjects (0ms)
		CreateAndSetChildDomain (2ms)
	RebuildCommonClasses (86ms)
	RebuildNativeTypeToScriptingClass (19ms)
	initialDomainReloadingComplete (171ms)
	LoadAllAssembliesAndSetupDomain (316ms)
		LoadAssemblies (394ms)
		RebuildTransferFunctionScriptingTraits (0ms)
		AnalyzeDomain (310ms)
			TypeCache.Refresh (307ms)
				TypeCache.ScanAssembly (274ms)
			ScanForSourceGeneratedMonoScriptInfo (1ms)
			ResolveRequiredComponents (2ms)
	FinalizeReload (779ms)
		ReleaseScriptCaches (0ms)
		RebuildScriptCaches (0ms)
		SetupLoadedEditorAssemblies (633ms)
			LogAssemblyErrors (0ms)
			InitializePlatformSupportModulesInManaged (29ms)
			SetLoadedEditorAssemblies (14ms)
			RefreshPlugins (0ms)
			BeforeProcessingInitializeOnLoad (7ms)
			ProcessInitializeOnLoadAttributes (303ms)
			ProcessInitializeOnLoadMethodAttributes (280ms)
			AfterProcessingInitializeOnLoad (0ms)
			EditorAssembliesLoaded (0ms)
		ExecutionOrderSort2 (0ms)
		AwakeInstancesAfterBackupRestoration (0ms)
========================================================================
Worker process is ready to serve import requests
Begin MonoManager ReloadAssembly
Symbol file LoadedFromMemory doesn't match image C:\Users\rpgal\My project (2)\Library\PackageCache\com.unity.visualscripting@1.8.0\Editor\VisualScripting.Core\Dependencies\YamlDotNet\Unity.VisualScripting.YamlDotNet.dll
Symbol file LoadedFromMemory doesn't match image C:\Users\rpgal\My project (2)\Library\PackageCache\com.unity.visualscripting@1.8.0\Editor\VisualScripting.Core\Dependencies\DotNetZip\Unity.VisualScripting.IonicZip.dll
- Loaded All Assemblies, in  1.136 seconds
Refreshing native plugins compatible for Editor in 9.70 ms, found 3 plugins.
Native extension for WindowsStandalone target not found
Native extension for WebGL target not found
Package Manager log level set to [2]
[Package Manager] Server::EnsureServerProcessIsRunning -- launch failed, reason: Unity was launched with the -noUpm command-line argument
[Package Manager] UpmClient::Send -- Unable to send message (not connected to UPM process).
[Package Manager] Cannot connect to Unity Package Manager local server
Mono: successfully reloaded assembly
- Finished resetting the current domain, in  1.086 seconds
Domain Reload Profiling: 2209ms
	BeginReloadAssembly (233ms)
		ExecutionOrderSort (0ms)
		DisableScriptedObjects (7ms)
		BackupInstance (0ms)
		ReleaseScriptingObjects (0ms)
		CreateAndSetChildDomain (25ms)
	RebuildCommonClasses (43ms)
	RebuildNativeTypeToScriptingClass (13ms)
	initialDomainReloadingComplete (85ms)
	LoadAllAssembliesAndSetupDomain (749ms)
		LoadAssemblies (595ms)
		RebuildTransferFunctionScriptingTraits (0ms)
		AnalyzeDomain (305ms)
			TypeCache.Refresh (277ms)
				TypeCache.ScanAssembly (222ms)
			ScanForSourceGeneratedMonoScriptInfo (20ms)
			ResolveRequiredComponents (6ms)
	FinalizeReload (1087ms)
		ReleaseScriptCaches (0ms)
		RebuildScriptCaches (0ms)
		SetupLoadedEditorAssemblies (914ms)
			LogAssemblyErrors (0ms)
			InitializePlatformSupportModulesInManaged (13ms)
			SetLoadedEditorAssemblies (7ms)
			RefreshPlugins (0ms)
			BeforeProcessingInitializeOnLoad (90ms)
			ProcessInitializeOnLoadAttributes (760ms)
			ProcessInitializeOnLoadMethodAttributes (29ms)
			AfterProcessingInitializeOnLoad (15ms)
			EditorAssembliesLoaded (0ms)
		ExecutionOrderSort2 (0ms)
		AwakeInstancesAfterBackupRestoration (11ms)
Launched and connected shader compiler UnityShaderCompiler.exe after 0.14 seconds
Refreshing native plugins compatible for Editor in 15.83 ms, found 3 plugins.
Preloading 0 native plugins for Editor in 0.00 ms.
Unloading 3082 Unused Serialized files (Serialized files now loaded: 0)
Unloading 31 unused Assets / (56.6 KB). Loaded Objects now: 3562.
Memory consumption went from 124.3 MB to 124.3 MB.
Total: 7.160800 ms (FindLiveObjects: 0.731900 ms CreateObjectMapping: 0.305300 ms MarkObjects: 5.926500 ms  DeleteObjects: 0.194600 ms)

AssetImportParameters requested are different than current active one (requested -> active):
  custom:container-demuxer-ogg: 62fdf1f143b41e24485cea50d1cbac27 -> 
  custom:video-codec-MediaFoundation-h265: 746d11721c4dcdbdad8f713fa42b33f4 -> 
  custom:video-decoder-ogg-theora: a1e56fd34408186e4bbccfd4996cb3dc -> 
  custom:framework-win-MediaFoundation: 216162199b28c13a410421893ffa2e32 -> 
  custom:CustomObjectIndexerAttribute: 756ad292c208cfabdd7b50bc23989ffe -> 
  custom:container-demuxer-webm: 4f35f7cbe854078d1ac9338744f61a02 -> 
  custom:container-muxer-webm: aa71ff27fc2769a1b78a27578f13a17b -> 
  custom:video-decoder-webm-vp8: 9c59270c3fd7afecdb556c50c9e8de78 -> 
  custom:SearchIndexIgnoredProperties: e643bd26f0fe6173181afceb89e7c659 -> 
  custom:AudioImporter_EditorPlatform: d09bf68614088b80899f8185d706f6e7 -> 
  custom:video-encoder-webm-vp8: eb34c28f22e8b96e1ab97ce403110664 -> 
  custom:audio-decoder-ogg-vorbis: bf7c407c2cedff20999df2af8eb42d56 -> 
  custom:audio-encoder-webm-vorbis: bf7c407c2cedff20999df2af8eb42d56 -> 
========================================================================
Received Import Request.
  Time since last request: 826145.382582 seconds.
  path: Assets/ADG_Textures/ground_vol1/ground5/ground5_Ambient_Occlusion.tga
  artifactKey: Guid(03e262b3b2775504b8e1534cce498347) Importer(815301076,1909f56bfc062723c751e8b465ee728b)
Start importing Assets/ADG_Textures/ground_vol1/ground5/ground5_Ambient_Occlusion.tga using Guid(03e262b3b2775504b8e1534cce498347) Importer(815301076,1909f56bfc062723c751e8b465ee728b)  -> (artifact id: 'cbd0694db807acc92704e58c6dcb0512') in 0.155477 seconds
Number of updated asset objects reloaded before import = 0
Number of asset objects unloaded after import = 2
========================================================================
Received Import Request.
  Time since last request: 0.089141 seconds.
  path: Assets/ADG_Textures/ground_vol1/ground5/ground5_Diffuse.tga
  artifactKey: Guid(216e2729631e003468211108545a08f1) Importer(815301076,1909f56bfc062723c751e8b465ee728b)
Start importing Assets/ADG_Textures/ground_vol1/ground5/ground5_Diffuse.tga using Guid(216e2729631e003468211108545a08f1) Importer(815301076,1909f56bfc062723c751e8b465ee728b)  -> (artifact id: '11aa5a3a0fcb1d9a737798de974620e5') in 0.103396 seconds
Number of updated asset objects reloaded before import = 0
Number of asset objects unloaded after import = 2
========================================================================
Received Import Request.
  Time since last request: 0.914582 seconds.
  path: Assets/ADG_Textures/ground_vol1/ground5/ground5_Height.tga
  artifactKey: Guid(60541731a16ad774bb3be1de36aa592f) Importer(815301076,1909f56bfc062723c751e8b465ee728b)
Start importing Assets/ADG_Textures/ground_vol1/ground5/ground5_Height.tga using Guid(60541731a16ad774bb3be1de36aa592f) Importer(815301076,1909f56bfc062723c751e8b465ee728b)  -> (artifact id: '8a8b9362aeea6344770ea02c000f237c') in 0.148466 seconds
Number of updated asset objects reloaded before import = 0
Number of asset objects unloaded after import = 2
========================================================================
Received Import Request.
  Time since last request: 0.401504 seconds.
  path: Assets/ADG_Textures/ground_vol1/ground5/ground5_Metallic.tga
  artifactKey: Guid(8d63b7caa4e75dd4aa5e84f4b97befa6) Importer(815301076,1909f56bfc062723c751e8b465ee728b)
Start importing Assets/ADG_Textures/ground_vol1/ground5/ground5_Metallic.tga using Guid(8d63b7caa4e75dd4aa5e84f4b97befa6) Importer(815301076,1909f56bfc062723c751e8b465ee728b)  -> (artifact id: '42dcb21f85c67caf5a7127badf186695') in 0.163800 seconds
Number of updated asset objects reloaded before import = 0
Number of asset objects unloaded after import = 2
========================================================================
Received Import Request.
  Time since last request: 0.258378 seconds.
  path: Assets/ADG_Textures/ground_vol1/ground5/ground5_Normal.tga
  artifactKey: Guid(219386670151bc542a3b2fd69819e13e) Importer(815301076,1909f56bfc062723c751e8b465ee728b)
Start importing Assets/ADG_Textures/ground_vol1/ground5/ground5_Normal.tga using Guid(219386670151bc542a3b2fd69819e13e) Importer(815301076,1909f56bfc062723c751e8b465ee728b)  -> (artifact id: 'fd6d61af7490d4060f4ee83ef88948c6') in 0.118595 seconds
Number of updated asset objects reloaded before import = 0
Number of asset objects unloaded after import = 2
========================================================================
Received Import Request.
  Time since last request: 1.158657 seconds.
  path: Assets/ADG_Textures/ground_vol1/ground6/ground6_Ambient_Occlusion.tga
  artifactKey: Guid(ebd3d1a8771ae20409976ac604480143) Importer(815301076,1909f56bfc062723c751e8b465ee728b)
Start importing Assets/ADG_Textures/ground_vol1/ground6/ground6_Ambient_Occlusion.tga using Guid(ebd3d1a8771ae20409976ac604480143) Importer(815301076,1909f56bfc062723c751e8b465ee728b)  -> (artifact id: 'a6bb2911f7b53fe58b1a796a6836cf46') in 0.050774 seconds
Number of updated asset objects reloaded before import = 0
Number of asset objects unloaded after import = 2
========================================================================
Received Import Request.
  Time since last request: 0.177727 seconds.
  path: Assets/ADG_Textures/ground_vol1/ground6/ground6_Diffuse.tga
  artifactKey: Guid(6dff70b1f69dbc640b854ad550b78c39) Importer(815301076,1909f56bfc062723c751e8b465ee728b)
Start importing Assets/ADG_Textures/ground_vol1/ground6/ground6_Diffuse.tga using Guid(6dff70b1f69dbc640b854ad550b78c39) Importer(815301076,1909f56bfc062723c751e8b465ee728b)  -> (artifact id: 'fc594ffd40cebb386443e56a9c328374') in 0.042062 seconds
Number of updated asset objects reloaded before import = 0
Number of asset objects unloaded after import = 2
========================================================================
Received Import Request.
  Time since last request: 0.859253 seconds.
  path: Assets/ADG_Textures/ground_vol1/ground6/ground6_Height.tga
  artifactKey: Guid(083decf4ef7144f4bb014384ac1044b0) Importer(815301076,1909f56bfc062723c751e8b465ee728b)
Start importing Assets/ADG_Textures/ground_vol1/ground6/ground6_Height.tga using Guid(083decf4ef7144f4bb014384ac1044b0) Importer(815301076,1909f56bfc062723c751e8b465ee728b)  -> (artifact id: 'aebfcb4aecf41a66dbead2729b376b34') in 0.042278 seconds
Number of updated asset objects reloaded before import = 0
Number of asset objects unloaded after import = 2
========================================================================
Received Import Request.
  Time since last request: 0.138702 seconds.
  path: Assets/ADG_Textures/ground_vol1/ground6/ground6_Metallic.tga
  artifactKey: Guid(587f7b9aecf33ee4b8f2c5ca769cd35a) Importer(815301076,1909f56bfc062723c751e8b465ee728b)
Start importing Assets/ADG_Textures/ground_vol1/ground6/ground6_Metallic.tga using Guid(587f7b9aecf33ee4b8f2c5ca769cd35a) Importer(815301076,1909f56bfc062723c751e8b465ee728b)  -> (artifact id: 'd39ea2feb70709c3e4670f4ade5dbb67') in 0.045677 seconds
Number of updated asset objects reloaded before import = 0
Number of asset objects unloaded after import = 2
========================================================================
Received Import Request.
  Time since last request: 0.457302 seconds.
  path: Assets/ADG_Textures/ground_vol1/ground6/ground6_Normal.tga
  artifactKey: Guid(7fa0035d52e52164dbe94df41517b0b7) Importer(815301076,1909f56bfc062723c751e8b465ee728b)
Start importing Assets/ADG_Textures/ground_vol1/ground6/ground6_Normal.tga using Guid(7fa0035d52e52164dbe94df41517b0b7) Importer(815301076,1909f56bfc062723c751e8b465ee728b)  -> (artifact id: 'd9ffe967ce80f11118c574b39b6a36dc') in 0.054357 seconds
Number of updated asset objects reloaded before import = 0
Number of asset objects unloaded after import = 2
========================================================================
Received Import Request.
  Time since last request: 1.187430 seconds.
  path: Assets/ADG_Textures/ground_vol1/ground7/ground7_Ambient_Occlusion.tga
  artifactKey: Guid(39069846104692045a9ba8eda0dbad6d) Importer(815301076,1909f56bfc062723c751e8b465ee728b)
Start importing Assets/ADG_Textures/ground_vol1/ground7/ground7_Ambient_Occlusion.tga using Guid(39069846104692045a9ba8eda0dbad6d) Importer(815301076,1909f56bfc062723c751e8b465ee728b)  -> (artifact id: '30902da54e67b540ec1ee07195957ee4') in 0.040197 seconds
Number of updated asset objects reloaded before import = 0
Number of asset objects unloaded after import = 2
========================================================================
Received Import Request.
  Time since last request: 0.520144 seconds.
  path: Assets/ADG_Textures/ground_vol1/ground7/ground7_Diffuse.tga
  artifactKey: Guid(3d6ea8373013b3546a620f84802e06f6) Importer(815301076,1909f56bfc062723c751e8b465ee728b)
Start importing Assets/ADG_Textures/ground_vol1/ground7/ground7_Diffuse.tga using Guid(3d6ea8373013b3546a620f84802e06f6) Importer(815301076,1909f56bfc062723c751e8b465ee728b)  -> (artifact id: '0bd69855a1247dcac33aa1369578d92c') in 0.037690 seconds
Number of updated asset objects reloaded before import = 0
Number of asset objects unloaded after import = 2
========================================================================
Received Import Request.
  Time since last request: 0.525474 seconds.
  path: Assets/ADG_Textures/ground_vol1/ground7/ground7_Height.tga
  artifactKey: Guid(7675b323e40eb7d448be59ef94396cca) Importer(815301076,1909f56bfc062723c751e8b465ee728b)
Start importing Assets/ADG_Textures/ground_vol1/ground7/ground7_Height.tga using Guid(7675b323e40eb7d448be59ef94396cca) Importer(815301076,1909f56bfc062723c751e8b465ee728b)  -> (artifact id: '51aaa99e594a8261b33ba5f1d6d253a4') in 0.045381 seconds
Number of updated asset objects reloaded before import = 0
Number of asset objects unloaded after import = 2
========================================================================
Received Import Request.
  Time since last request: 0.035757 seconds.
  path: Assets/ADG_Textures/ground_vol1/ground7/ground7_Metallic.tga
  artifactKey: Guid(e9d30098b0fc07a4887f73b87ad656f5) Importer(815301076,1909f56bfc062723c751e8b465ee728b)
Start importing Assets/ADG_Textures/ground_vol1/ground7/ground7_Metallic.tga using Guid(e9d30098b0fc07a4887f73b87ad656f5) Importer(815301076,1909f56bfc062723c751e8b465ee728b)  -> (artifact id: '474eaf8f869772440819fab4444b7021') in 0.057501 seconds
Number of updated asset objects reloaded before import = 0
Number of asset objects unloaded after import = 2
========================================================================
Received Import Request.
  Time since last request: 0.002471 seconds.
  path: Assets/ADG_Textures/ground_vol1/ground7/ground7_Normal.tga
  artifactKey: Guid(772b522eb070d9c4fa30ce003900a485) Importer(815301076,1909f56bfc062723c751e8b465ee728b)
Start importing Assets/ADG_Textures/ground_vol1/ground7/ground7_Normal.tga using Guid(772b522eb070d9c4fa30ce003900a485) Importer(815301076,1909f56bfc062723c751e8b465ee728b)  -> (artifact id: 'cfd8ddbe0f3fbbf4300b4edea4eb617f') in 0.050634 seconds
Number of updated asset objects reloaded before import = 0
Number of asset objects unloaded after import = 2
========================================================================
Received Import Request.
  Time since last request: 0.079989 seconds.
  path: Assets/ADG_Textures/ground_vol1/ground8/ground8_Ambient_Occlusion.tga
  artifactKey: Guid(83f79670916b18a4cb3dd454e8c6c7e2) Importer(815301076,1909f56bfc062723c751e8b465ee728b)
Start importing Assets/ADG_Textures/ground_vol1/ground8/ground8_Ambient_Occlusion.tga using Guid(83f79670916b18a4cb3dd454e8c6c7e2) Importer(815301076,1909f56bfc062723c751e8b465ee728b)  -> (artifact id: 'ebe05dca7df02017635430fa860af4ae') in 0.045661 seconds
Number of updated asset objects reloaded before import = 0
Number of asset objects unloaded after import = 2
========================================================================
Received Import Request.
  Time since last request: 0.361039 seconds.
  path: Assets/ADG_Textures/ground_vol1/ground8/ground8_Diffuse.tga
  artifactKey: Guid(27dcac97c77064349b5278157901e387) Importer(815301076,1909f56bfc062723c751e8b465ee728b)
Start importing Assets/ADG_Textures/ground_vol1/ground8/ground8_Diffuse.tga using Guid(27dcac97c77064349b5278157901e387) Importer(815301076,1909f56bfc062723c751e8b465ee728b)  -> (artifact id: '7c9609c6d79b6ea1ae5ca9aa2582e962') in 0.047207 seconds
Number of updated asset objects reloaded before import = 0
Number of asset objects unloaded after import = 2
========================================================================
Received Import Request.
  Time since last request: 0.032528 seconds.
  path: Assets/ADG_Textures/ground_vol1/ground8/ground8_Height.tga
  artifactKey: Guid(197149ea2860411408a82a7da3570ccc) Importer(815301076,1909f56bfc062723c751e8b465ee728b)
Start importing Assets/ADG_Textures/ground_vol1/ground8/ground8_Height.tga using Guid(197149ea2860411408a82a7da3570ccc) Importer(815301076,1909f56bfc062723c751e8b465ee728b)  -> (artifact id: '164746dfac8ca84f1fea7f3ed4d155b7') in 0.043004 seconds
Number of updated asset objects reloaded before import = 0
Number of asset objects unloaded after import = 2
========================================================================
Received Import Request.
  Time since last request: 0.327051 seconds.
  path: Assets/ADG_Textures/ground_vol1/ground8/ground8_Metallic.tga
  artifactKey: Guid(a08e6063e7e3b4a45b860146c8c613dc) Importer(815301076,1909f56bfc062723c751e8b465ee728b)
Start importing Assets/ADG_Textures/ground_vol1/ground8/ground8_Metallic.tga using Guid(a08e6063e7e3b4a45b860146c8c613dc) Importer(815301076,1909f56bfc062723c751e8b465ee728b)  -> (artifact id: 'cc4aa6e74f4a72f1b901ee103ac4865a') in 0.053732 seconds
Number of updated asset objects reloaded before import = 0
Number of asset objects unloaded after import = 2
========================================================================
Received Import Request.
  Time since last request: 0.400284 seconds.
  path: Assets/ADG_Textures/ground_vol1/ground8/ground8_Normal.tga
  artifactKey: Guid(2d0eaf0b58831b049afa39bf24ea07c5) Importer(815301076,1909f56bfc062723c751e8b465ee728b)
Start importing Assets/ADG_Textures/ground_vol1/ground8/ground8_Normal.tga using Guid(2d0eaf0b58831b049afa39bf24ea07c5) Importer(815301076,1909f56bfc062723c751e8b465ee728b)  -> (artifact id: '810fd88ff0ab82ded89de43218915e2c') in 0.042501 seconds
Number of updated asset objects reloaded before import = 0
Number of asset objects unloaded after import = 2
========================================================================
Received Import Request.
  Time since last request: 0.101753 seconds.
  path: Assets/ADG_Textures/ground_vol1/ground9/ground9_Ambient_Occlusion.tga
  artifactKey: Guid(60662f4bc5917c94986801d53f5ee99f) Importer(815301076,1909f56bfc062723c751e8b465ee728b)
Start importing Assets/ADG_Textures/ground_vol1/ground9/ground9_Ambient_Occlusion.tga using Guid(60662f4bc5917c94986801d53f5ee99f) Importer(815301076,1909f56bfc062723c751e8b465ee728b)  -> (artifact id: 'a4d2da2316b6c10eb0b9e8a37ad87a5e') in 0.049709 seconds
Number of updated asset objects reloaded before import = 0
Number of asset objects unloaded after import = 2
========================================================================
Received Import Request.
  Time since last request: 0.504359 seconds.
  path: Assets/ADG_Textures/ground_vol1/ground9/ground9_Diffuse.tga
  artifactKey: Guid(9d90663c9ea0d484eae41530ee2031c5) Importer(815301076,1909f56bfc062723c751e8b465ee728b)
Start importing Assets/ADG_Textures/ground_vol1/ground9/ground9_Diffuse.tga using Guid(9d90663c9ea0d484eae41530ee2031c5) Importer(815301076,1909f56bfc062723c751e8b465ee728b)  -> (artifact id: '1a978ab6d99d051cd409edcaf0bcc2f4') in 0.045661 seconds
Number of updated asset objects reloaded before import = 0
Number of asset objects unloaded after import = 2
========================================================================
Received Import Request.
  Time since last request: 0.022608 seconds.
  path: Assets/ADG_Textures/ground_vol1/ground9/ground9_Height.tga
  artifactKey: Guid(e9a070d57a52c914893b85e9501c4344) Importer(815301076,1909f56bfc062723c751e8b465ee728b)
Start importing Assets/ADG_Textures/ground_vol1/ground9/ground9_Height.tga using Guid(e9a070d57a52c914893b85e9501c4344) Importer(815301076,1909f56bfc062723c751e8b465ee728b)  -> (artifact id: 'a4c84a450348ee2ba6c1ec41df2796df') in 0.039785 seconds
Number of updated asset objects reloaded before import = 0
Number of asset objects unloaded after import = 2
========================================================================
Received Import Request.
  Time since last request: 0.639830 seconds.
  path: Assets/ADG_Textures/ground_vol1/ground9/ground9_Normal.tga
  artifactKey: Guid(1868fa7be7ed59c45927c480c110c8d8) Importer(815301076,1909f56bfc062723c751e8b465ee728b)
Start importing Assets/ADG_Textures/ground_vol1/ground9/ground9_Normal.tga using Guid(1868fa7be7ed59c45927c480c110c8d8) Importer(815301076,1909f56bfc062723c751e8b465ee728b)  -> (artifact id: 'e6b54a60c24f3d49fa294724c208ba9f') in 0.043696 seconds
Number of updated asset objects reloaded before import = 0
Number of asset objects unloaded after import = 2
========================================================================
Received Import Request.
  Time since last request: 0.237822 seconds.
  path: Assets/ADG_Textures/ground_vol1/ground10/ground10_Ambient_Occlusion.tga
  artifactKey: Guid(24681add3f24f044daca3cc8a13e6395) Importer(815301076,1909f56bfc062723c751e8b465ee728b)
Start importing Assets/ADG_Textures/ground_vol1/ground10/ground10_Ambient_Occlusion.tga using Guid(24681add3f24f044daca3cc8a13e6395) Importer(815301076,1909f56bfc062723c751e8b465ee728b)  -> (artifact id: '9ee44b78a7e1b8c50692040aa47b56f1') in 0.039521 seconds
Number of updated asset objects reloaded before import = 0
Number of asset objects unloaded after import = 2
========================================================================
Received Import Request.
  Time since last request: 1.870786 seconds.
  path: Assets/ADG_Textures/ground_vol1/ground10/ground10_Diffuse.tga
  artifactKey: Guid(877fd89f59f209b48af33c4e3e45498d) Importer(815301076,1909f56bfc062723c751e8b465ee728b)
Start importing Assets/ADG_Textures/ground_vol1/ground10/ground10_Diffuse.tga using Guid(877fd89f59f209b48af33c4e3e45498d) Importer(815301076,1909f56bfc062723c751e8b465ee728b)  -> (artifact id: '73370d99b23fe8be71d5352618951052') in 0.050320 seconds
Number of updated asset objects reloaded before import = 0
Number of asset objects unloaded after import = 2
========================================================================
Received Import Request.
  Time since last request: 0.059495 seconds.
  path: Assets/ADG_Textures/ground_vol1/ground10/ground10_Height.tga
  artifactKey: Guid(4410fd6b36868554398d61186f5d8f01) Importer(815301076,1909f56bfc062723c751e8b465ee728b)
Start importing Assets/ADG_Textures/ground_vol1/ground10/ground10_Height.tga using Guid(4410fd6b36868554398d61186f5d8f01) Importer(815301076,1909f56bfc062723c751e8b465ee728b)  -> (artifact id: '8b7fe20e8476b9dacc1683cf44abb3ef') in 0.046409 seconds
Number of updated asset objects reloaded before import = 0
Number of asset objects unloaded after import = 2
========================================================================
Received Import Request.
  Time since last request: 0.552586 seconds.
  path: Assets/ADG_Textures/ground_vol1/ground10/ground10_Metallic.tga
  artifactKey: Guid(3474fc5fa2382534a9b157133916e485) Importer(815301076,1909f56bfc062723c751e8b465ee728b)
Start importing Assets/ADG_Textures/ground_vol1/ground10/ground10_Metallic.tga using Guid(3474fc5fa2382534a9b157133916e485) Importer(815301076,1909f56bfc062723c751e8b465ee728b)  -> (artifact id: '96960cfacf3170e8c585f21aff9433bb') in 0.031825 seconds
Number of updated asset objects reloaded before import = 0
Number of asset objects unloaded after import = 2
========================================================================
Received Import Request.
  Time since last request: 0.883638 seconds.
  path: Assets/ADG_Textures/ground_vol1/ground10/ground10_Normal.tga
  artifactKey: Guid(84794b884a1ed204f9ce92a773a3fb0e) Importer(815301076,1909f56bfc062723c751e8b465ee728b)
Start importing Assets/ADG_Textures/ground_vol1/ground10/ground10_Normal.tga using Guid(84794b884a1ed204f9ce92a773a3fb0e) Importer(815301076,1909f56bfc062723c751e8b465ee728b)  -> (artifact id: '187bc608d5017a282374f269560f90a6') in 0.036196 seconds
Number of updated asset objects reloaded before import = 0
Number of asset objects unloaded after import = 2
========================================================================
Received Import Request.
  Time since last request: 170.489281 seconds.
  path: Assets/ADG_Textures/NewLayer.terrainlayer
  artifactKey: Guid(a5faecb188f6b8846953f2b7a141e989) Importer(815301076,1909f56bfc062723c751e8b465ee728b)
Start importing Assets/ADG_Textures/NewLayer.terrainlayer using Guid(a5faecb188f6b8846953f2b7a141e989) Importer(815301076,1909f56bfc062723c751e8b465ee728b)  -> (artifact id: '2f8732285e06ff202b1b21cd2b7ff3af') in 0.379809 seconds
Number of updated asset objects reloaded before import = 0
Number of asset objects unloaded after import = 2
========================================================================
Received Import Request.
  Time since last request: 126.352964 seconds.
  path: Assets/ADG_Textures/ground_vol1/NewLayer.terrainlayer
  artifactKey: Guid(bd62109d61359ba46b9ad6771dfe88dc) Importer(815301076,1909f56bfc062723c751e8b465ee728b)
Start importing Assets/ADG_Textures/ground_vol1/NewLayer.terrainlayer using Guid(bd62109d61359ba46b9ad6771dfe88dc) Importer(815301076,1909f56bfc062723c751e8b465ee728b)  -> (artifact id: '423d3cacb07806180adad4fcdab821fa') in 0.349593 seconds
Number of updated asset objects reloaded before import = 0
Number of asset objects unloaded after import = 2
========================================================================
Received Import Request.
  Time since last request: 1.197297 seconds.
  path: Assets/Tree9/bark14.mat
  artifactKey: Guid(760ea8238d6219c42b2739f693d4c834) Importer(815301076,1909f56bfc062723c751e8b465ee728b)
Start importing Assets/Tree9/bark14.mat using Guid(760ea8238d6219c42b2739f693d4c834) Importer(815301076,1909f56bfc062723c751e8b465ee728b)  -> (artifact id: 'e359f21c1bcfe1c99cc974b12dde9df2') in 1.321370 seconds
Number of updated asset objects reloaded before import = 0
Number of asset objects unloaded after import = 3
========================================================================
Received Import Request.
  Time since last request: 0.000042 seconds.
  path: Assets/Tree9/Tree9_2.prefab
  artifactKey: Guid(be878d9ea17907f4a8068678a5ce7908) Importer(815301076,1909f56bfc062723c751e8b465ee728b)
Start importing Assets/Tree9/Tree9_2.prefab using Guid(be878d9ea17907f4a8068678a5ce7908) Importer(815301076,1909f56bfc062723c751e8b465ee728b)  -> (artifact id: '617342344cc0342b7022aac6a5b94e71') in 1.938266 seconds
Number of updated asset objects reloaded before import = 0
Number of asset objects unloaded after import = 28
========================================================================
Received Import Request.
  Time since last request: 0.000058 seconds.
  path: Assets/Tree9/Tree9_leafs.mat
  artifactKey: Guid(da780beb78a91484aa965294e12f428e) Importer(815301076,1909f56bfc062723c751e8b465ee728b)
Start importing Assets/Tree9/Tree9_leafs.mat using Guid(da780beb78a91484aa965294e12f428e) Importer(815301076,1909f56bfc062723c751e8b465ee728b)  -> (artifact id: '1c6c1cc3d76d1d6073303150e5143ab8') in 0.429749 seconds
Number of updated asset objects reloaded before import = 0
Number of asset objects unloaded after import = 3
========================================================================
Received Import Request.
  Time since last request: 0.000041 seconds.
  path: Assets/Tree9/Tree9_5.prefab
  artifactKey: Guid(9b8fc966f95ea9c4194dc091fc40b478) Importer(815301076,1909f56bfc062723c751e8b465ee728b)
Start importing Assets/Tree9/Tree9_5.prefab using Guid(9b8fc966f95ea9c4194dc091fc40b478) Importer(815301076,1909f56bfc062723c751e8b465ee728b)  -> (artifact id: 'eefe34434b7f9b2a5cfe01ef5f02a406') in 0.100831 seconds
Number of updated asset objects reloaded before import = 0
Number of asset objects unloaded after import = 28
========================================================================
Received Import Request.
  Time since last request: 0.000057 seconds.
  path: Assets/Tree9/Tree9_4.prefab
  artifactKey: Guid(956bd2acf7aae244dac8fc20cf57858d) Importer(815301076,1909f56bfc062723c751e8b465ee728b)
Start importing Assets/Tree9/Tree9_4.prefab using Guid(956bd2acf7aae244dac8fc20cf57858d) Importer(815301076,1909f56bfc062723c751e8b465ee728b)  -> (artifact id: '061c790c3fbca715b1f9e7dd3e109363') in 0.110828 seconds
Number of updated asset objects reloaded before import = 0
Number of asset objects unloaded after import = 28
========================================================================
Received Import Request.
  Time since last request: 0.000033 seconds.
  path: Assets/Tree9/Leafs19.tga
  artifactKey: Guid(58552de7d543f6e4095feb3806e56f4f) Importer(815301076,1909f56bfc062723c751e8b465ee728b)
Start importing Assets/Tree9/Leafs19.tga using Guid(58552de7d543f6e4095feb3806e56f4f) Importer(815301076,1909f56bfc062723c751e8b465ee728b)  -> (artifact id: 'e5bdd68a1dd29773ecd78b2fb85bd0e7') in 0.370860 seconds
Number of updated asset objects reloaded before import = 0
Number of asset objects unloaded after import = 2
========================================================================
Received Import Request.
  Time since last request: 36.665476 seconds.
  path: Assets/Farm Props Pack/Crate/Meshes/Crate.fbx
  artifactKey: Guid(cf83bb749d903984891ce8ebc27759f9) Importer(815301076,1909f56bfc062723c751e8b465ee728b)
Start importing Assets/Farm Props Pack/Crate/Meshes/Crate.fbx using Guid(cf83bb749d903984891ce8ebc27759f9) Importer(815301076,1909f56bfc062723c751e8b465ee728b)  -> (artifact id: '352ff26a2301026008785bcfbab095b8') in 0.698171 seconds
Number of updated asset objects reloaded before import = 0
Number of asset objects unloaded after import = 7
========================================================================
Received Import Request.
  Time since last request: 0.886828 seconds.
  path: Assets/Farm Props Pack/Sack/Meshes/Sack.fbx
  artifactKey: Guid(a587ab704307960489d975cc814e594b) Importer(815301076,1909f56bfc062723c751e8b465ee728b)
Start importing Assets/Farm Props Pack/Sack/Meshes/Sack.fbx using Guid(a587ab704307960489d975cc814e594b) Importer(815301076,1909f56bfc062723c751e8b465ee728b)  -> (artifact id: 'ea85b520c645603cff333dd1c76ca1b9') in 0.059605 seconds
Number of updated asset objects reloaded before import = 0
Number of asset objects unloaded after import = 7
========================================================================
Received Import Request.
  Time since last request: 0.521109 seconds.
  path: Assets/Farm Props Pack/Sack/Prefabs/Sack.prefab
  artifactKey: Guid(740009caf7995004aa1cf47ef7ea5a08) Importer(815301076,1909f56bfc062723c751e8b465ee728b)
Start importing Assets/Farm Props Pack/Sack/Prefabs/Sack.prefab using Guid(740009caf7995004aa1cf47ef7ea5a08) Importer(815301076,1909f56bfc062723c751e8b465ee728b)  -> (artifact id: '643825b441701b27eda676f3964a4648') in 0.532999 seconds
Number of updated asset objects reloaded before import = 0
Number of asset objects unloaded after import = 12
========================================================================
Received Import Request.
  Time since last request: 1144.766559 seconds.
  path: Assets/Farm Props Pack/Crate
  artifactKey: Guid(271bf19ec516cfc4aab4acd3d22ef71f) Importer(815301076,1909f56bfc062723c751e8b465ee728b)
Start importing Assets/Farm Props Pack/Crate using Guid(271bf19ec516cfc4aab4acd3d22ef71f) Importer(815301076,1909f56bfc062723c751e8b465ee728b)  -> (artifact id: '6c690a57dab7c06699d1886efee983b7') in 0.318048 seconds
Number of updated asset objects reloaded before import = 0
Number of asset objects unloaded after import = 0
